{"C:\\Users\\USER\\Documents\\reactNative\\lesson5\\actions.js": {"path":"C:\\Users\\USER\\Documents\\reactNative\\lesson5\\actions.js","all":false,"statementMap":{"0":{"start":{"line":1,"column":0},"end":{"line":1,"column":30}},"1":{"start":{"line":2,"column":0},"end":{"line":2,"column":0}},"2":{"start":{"line":3,"column":0},"end":{"line":3,"column":15}},"3":{"start":{"line":4,"column":0},"end":{"line":4,"column":40}},"4":{"start":{"line":5,"column":0},"end":{"line":5,"column":46}},"5":{"start":{"line":6,"column":0},"end":{"line":6,"column":40}},"6":{"start":{"line":7,"column":0},"end":{"line":7,"column":50}},"7":{"start":{"line":8,"column":0},"end":{"line":8,"column":48}},"8":{"start":{"line":9,"column":0},"end":{"line":9,"column":0}},"9":{"start":{"line":10,"column":0},"end":{"line":10,"column":0}},"10":{"start":{"line":11,"column":0},"end":{"line":11,"column":18}},"11":{"start":{"line":12,"column":0},"end":{"line":12,"column":38}},"12":{"start":{"line":13,"column":0},"end":{"line":13,"column":20}},"13":{"start":{"line":14,"column":0},"end":{"line":14,"column":18}},"14":{"start":{"line":15,"column":0},"end":{"line":15,"column":2}},"15":{"start":{"line":16,"column":0},"end":{"line":16,"column":0}},"16":{"start":{"line":17,"column":0},"end":{"line":17,"column":42}},"17":{"start":{"line":18,"column":0},"end":{"line":18,"column":23}},"18":{"start":{"line":19,"column":0},"end":{"line":19,"column":22}},"19":{"start":{"line":20,"column":0},"end":{"line":20,"column":2}},"20":{"start":{"line":21,"column":0},"end":{"line":21,"column":0}},"21":{"start":{"line":22,"column":0},"end":{"line":22,"column":2}},"22":{"start":{"line":23,"column":0},"end":{"line":23,"column":29}},"23":{"start":{"line":24,"column":0},"end":{"line":24,"column":81}},"24":{"start":{"line":25,"column":0},"end":{"line":25,"column":32}},"25":{"start":{"line":26,"column":0},"end":{"line":26,"column":8}},"26":{"start":{"line":27,"column":0},"end":{"line":27,"column":54}},"27":{"start":{"line":28,"column":0},"end":{"line":28,"column":55}},"28":{"start":{"line":29,"column":0},"end":{"line":29,"column":5}},"29":{"start":{"line":30,"column":0},"end":{"line":30,"column":17}},"30":{"start":{"line":31,"column":0},"end":{"line":31,"column":5}},"31":{"start":{"line":32,"column":0},"end":{"line":32,"column":62}},"32":{"start":{"line":33,"column":0},"end":{"line":33,"column":5}},"33":{"start":{"line":34,"column":0},"end":{"line":34,"column":2}},"34":{"start":{"line":35,"column":0},"end":{"line":35,"column":14}},"35":{"start":{"line":36,"column":0},"end":{"line":36,"column":3}}},"s":{"0":1,"1":1,"2":1,"3":1,"4":1,"5":1,"6":1,"7":1,"8":1,"9":1,"10":1,"11":1,"12":4,"13":4,"14":4,"15":1,"16":1,"17":1,"18":1,"19":1,"20":1,"21":1,"22":1,"23":1,"24":3,"25":3,"26":3,"27":1,"28":1,"29":3,"30":2,"31":2,"32":2,"33":3,"34":3,"35":3},"branchMap":{"0":{"type":"branch","line":12,"loc":{"start":{"line":12,"column":26},"end":{"line":15,"column":2}},"locations":[{"start":{"line":12,"column":26},"end":{"line":15,"column":2}}]},"1":{"type":"branch","line":17,"loc":{"start":{"line":17,"column":26},"end":{"line":20,"column":2}},"locations":[{"start":{"line":17,"column":26},"end":{"line":20,"column":2}}]},"2":{"type":"branch","line":24,"loc":{"start":{"line":24,"column":25},"end":{"line":36,"column":3}},"locations":[{"start":{"line":24,"column":25},"end":{"line":36,"column":3}}]},"3":{"type":"branch","line":24,"loc":{"start":{"line":24,"column":51},"end":{"line":24,"column":52}},"locations":[{"start":{"line":24,"column":51},"end":{"line":24,"column":52}}]},"4":{"type":"branch","line":24,"loc":{"start":{"line":24,"column":51},"end":{"line":24,"column":52}},"locations":[{"start":{"line":24,"column":51},"end":{"line":24,"column":52}}]},"5":{"type":"branch","line":24,"loc":{"start":{"line":24,"column":51},"end":{"line":24,"column":57}},"locations":[{"start":{"line":24,"column":51},"end":{"line":24,"column":57}}]},"6":{"type":"branch","line":24,"loc":{"start":{"line":24,"column":57},"end":{"line":36,"column":3}},"locations":[{"start":{"line":24,"column":57},"end":{"line":36,"column":3}}]},"7":{"type":"branch","line":24,"loc":{"start":{"line":24,"column":62},"end":{"line":36,"column":3}},"locations":[{"start":{"line":24,"column":62},"end":{"line":36,"column":3}}]},"8":{"type":"branch","line":28,"loc":{"start":{"line":28,"column":-2},"end":{"line":29,"column":5}},"locations":[{"start":{"line":28,"column":-2},"end":{"line":29,"column":5}}]},"9":{"type":"branch","line":30,"loc":{"start":{"line":30,"column":4},"end":{"line":33,"column":5}},"locations":[{"start":{"line":30,"column":4},"end":{"line":33,"column":5}}]}},"b":{"0":[4],"1":[1],"2":[3],"3":[2],"4":[2],"5":[1],"6":[3],"7":[3],"8":[1],"9":[2]},"fnMap":{"0":{"name":"updateUser","decl":{"start":{"line":12,"column":26},"end":{"line":15,"column":2}},"loc":{"start":{"line":12,"column":26},"end":{"line":15,"column":2}},"line":12},"1":{"name":"addContact","decl":{"start":{"line":17,"column":26},"end":{"line":20,"column":2}},"loc":{"start":{"line":17,"column":26},"end":{"line":20,"column":2}},"line":17},"2":{"name":"loginUser","decl":{"start":{"line":24,"column":25},"end":{"line":36,"column":3}},"loc":{"start":{"line":24,"column":25},"end":{"line":36,"column":3}},"line":24}},"f":{"0":4,"1":1,"2":3}}
,"C:\\Users\\USER\\Documents\\reactNative\\lesson5\\api.js": {"path":"C:\\Users\\USER\\Documents\\reactNative\\lesson5\\api.js","all":false,"statementMap":{"0":{"start":{"line":1,"column":0},"end":{"line":1,"column":36}},"1":{"start":{"line":2,"column":0},"end":{"line":2,"column":55}},"2":{"start":{"line":3,"column":0},"end":{"line":3,"column":25}},"3":{"start":{"line":4,"column":0},"end":{"line":4,"column":2}},"4":{"start":{"line":5,"column":0},"end":{"line":5,"column":0}},"5":{"start":{"line":6,"column":0},"end":{"line":6,"column":32}},"6":{"start":{"line":7,"column":0},"end":{"line":7,"column":81}},"7":{"start":{"line":8,"column":0},"end":{"line":8,"column":21}},"8":{"start":{"line":9,"column":0},"end":{"line":9,"column":6}},"9":{"start":{"line":10,"column":0},"end":{"line":10,"column":44}},"10":{"start":{"line":11,"column":0},"end":{"line":11,"column":4}},"11":{"start":{"line":12,"column":0},"end":{"line":12,"column":58}},"12":{"start":{"line":13,"column":0},"end":{"line":13,"column":0}},"13":{"start":{"line":14,"column":0},"end":{"line":14,"column":1}},"14":{"start":{"line":15,"column":0},"end":{"line":15,"column":0}},"15":{"start":{"line":16,"column":0},"end":{"line":16,"column":51}},"16":{"start":{"line":17,"column":0},"end":{"line":17,"column":80}},"17":{"start":{"line":18,"column":0},"end":{"line":18,"column":23}},"18":{"start":{"line":19,"column":0},"end":{"line":19,"column":18}},"19":{"start":{"line":20,"column":0},"end":{"line":20,"column":47}},"20":{"start":{"line":21,"column":0},"end":{"line":21,"column":10}},"21":{"start":{"line":22,"column":0},"end":{"line":22,"column":30}},"22":{"start":{"line":23,"column":0},"end":{"line":23,"column":21}},"23":{"start":{"line":24,"column":0},"end":{"line":24,"column":20}},"24":{"start":{"line":25,"column":0},"end":{"line":25,"column":10}},"25":{"start":{"line":26,"column":0},"end":{"line":26,"column":6}},"26":{"start":{"line":27,"column":0},"end":{"line":27,"column":0}},"27":{"start":{"line":28,"column":0},"end":{"line":28,"column":21}},"28":{"start":{"line":29,"column":0},"end":{"line":29,"column":45}},"29":{"start":{"line":30,"column":0},"end":{"line":30,"column":21}},"30":{"start":{"line":31,"column":0},"end":{"line":31,"column":5}},"31":{"start":{"line":32,"column":0},"end":{"line":32,"column":0}},"32":{"start":{"line":33,"column":0},"end":{"line":33,"column":44}},"33":{"start":{"line":34,"column":0},"end":{"line":34,"column":31}},"34":{"start":{"line":35,"column":0},"end":{"line":35,"column":1}},"35":{"start":{"line":36,"column":0},"end":{"line":36,"column":0}},"36":{"start":{"line":37,"column":0},"end":{"line":37,"column":26}}},"s":{"0":1,"1":0,"2":0,"3":0,"4":1,"5":1,"6":0,"7":0,"8":0,"9":0,"10":0,"11":0,"12":0,"13":0,"14":1,"15":1,"16":1,"17":1,"18":1,"19":1,"20":1,"21":1,"22":1,"23":1,"24":1,"25":1,"26":1,"27":1,"28":0,"29":0,"30":0,"31":1,"32":1,"33":1,"34":1,"35":1,"36":1},"branchMap":{"0":{"type":"branch","line":6,"loc":{"start":{"line":6,"column":16},"end":{"line":6,"column":19}},"locations":[{"start":{"line":6,"column":16},"end":{"line":6,"column":19}}]},"1":{"type":"branch","line":16,"loc":{"start":{"line":16,"column":18},"end":{"line":16,"column":21}},"locations":[{"start":{"line":16,"column":18},"end":{"line":16,"column":21}}]},"2":{"type":"branch","line":16,"loc":{"start":{"line":16,"column":21},"end":{"line":35,"column":1}},"locations":[{"start":{"line":16,"column":21},"end":{"line":35,"column":1}}]},"3":{"type":"branch","line":28,"loc":{"start":{"line":28,"column":20},"end":{"line":31,"column":5}},"locations":[{"start":{"line":28,"column":20},"end":{"line":31,"column":5}}]}},"b":{"0":[2],"1":[2],"2":[1],"3":[0]},"fnMap":{"0":{"name":"processContact","decl":{"start":{"line":1,"column":23},"end":{"line":4,"column":2}},"loc":{"start":{"line":1,"column":23},"end":{"line":4,"column":2}},"line":1}},"f":{"0":0}}
,"C:\\Users\\USER\\Documents\\reactNative\\lesson5\\reducer.js": {"path":"C:\\Users\\USER\\Documents\\reactNative\\lesson5\\reducer.js","all":false,"statementMap":{"0":{"start":{"line":1,"column":0},"end":{"line":1,"column":37}},"1":{"start":{"line":2,"column":0},"end":{"line":2,"column":97}},"2":{"start":{"line":3,"column":0},"end":{"line":3,"column":0}},"3":{"start":{"line":4,"column":0},"end":{"line":4,"column":59}},"4":{"start":{"line":5,"column":0},"end":{"line":5,"column":0}},"5":{"start":{"line":6,"column":0},"end":{"line":6,"column":48}},"6":{"start":{"line":7,"column":0},"end":{"line":7,"column":71}},"7":{"start":{"line":8,"column":0},"end":{"line":8,"column":14}},"8":{"start":{"line":9,"column":0},"end":{"line":9,"column":1}},"9":{"start":{"line":10,"column":0},"end":{"line":10,"column":0}},"10":{"start":{"line":11,"column":0},"end":{"line":11,"column":45}},"11":{"start":{"line":12,"column":0},"end":{"line":12,"column":0}},"12":{"start":{"line":13,"column":0},"end":{"line":13,"column":23}},"13":{"start":{"line":14,"column":0},"end":{"line":14,"column":21}},"14":{"start":{"line":15,"column":0},"end":{"line":15,"column":43}},"15":{"start":{"line":16,"column":0},"end":{"line":16,"column":0}},"16":{"start":{"line":17,"column":0},"end":{"line":17,"column":24}},"17":{"start":{"line":18,"column":0},"end":{"line":18,"column":58}},"18":{"start":{"line":19,"column":0},"end":{"line":19,"column":0}},"19":{"start":{"line":20,"column":0},"end":{"line":20,"column":26}},"20":{"start":{"line":21,"column":0},"end":{"line":21,"column":50}},"21":{"start":{"line":22,"column":0},"end":{"line":22,"column":0}},"22":{"start":{"line":23,"column":0},"end":{"line":23,"column":25}},"23":{"start":{"line":24,"column":0},"end":{"line":24,"column":53}},"24":{"start":{"line":25,"column":0},"end":{"line":25,"column":0}},"25":{"start":{"line":26,"column":0},"end":{"line":26,"column":12}},"26":{"start":{"line":27,"column":0},"end":{"line":27,"column":20}},"27":{"start":{"line":28,"column":0},"end":{"line":28,"column":4}},"28":{"start":{"line":29,"column":0},"end":{"line":29,"column":1}},"29":{"start":{"line":30,"column":0},"end":{"line":30,"column":0}},"30":{"start":{"line":31,"column":0},"end":{"line":31,"column":40}},"31":{"start":{"line":32,"column":0},"end":{"line":32,"column":43}},"32":{"start":{"line":33,"column":0},"end":{"line":33,"column":54}},"33":{"start":{"line":34,"column":0},"end":{"line":34,"column":5}},"34":{"start":{"line":35,"column":0},"end":{"line":35,"column":0}},"35":{"start":{"line":36,"column":0},"end":{"line":36,"column":33}},"36":{"start":{"line":37,"column":0},"end":{"line":37,"column":22}},"37":{"start":{"line":38,"column":0},"end":{"line":38,"column":27}},"38":{"start":{"line":39,"column":0},"end":{"line":39,"column":2}},"39":{"start":{"line":40,"column":0},"end":{"line":40,"column":0}},"40":{"start":{"line":41,"column":0},"end":{"line":41,"column":22}}},"s":{"0":1,"1":1,"2":1,"3":1,"4":1,"5":1,"6":4,"7":3,"8":3,"9":1,"10":1,"11":4,"12":4,"13":4,"14":1,"15":4,"16":4,"17":1,"18":4,"19":4,"20":0,"21":4,"22":4,"23":0,"24":4,"25":4,"26":2,"27":4,"28":4,"29":1,"30":1,"31":1,"32":1,"33":1,"34":1,"35":1,"36":1,"37":1,"38":1,"39":1,"40":1},"branchMap":{"0":{"type":"branch","line":4,"loc":{"start":{"line":4,"column":14},"end":{"line":4,"column":59}},"locations":[{"start":{"line":4,"column":14},"end":{"line":4,"column":59}}]},"1":{"type":"branch","line":6,"loc":{"start":{"line":6,"column":23},"end":{"line":9,"column":1}},"locations":[{"start":{"line":6,"column":23},"end":{"line":9,"column":1}}]},"2":{"type":"branch","line":6,"loc":{"start":{"line":6,"column":29},"end":{"line":6,"column":32}},"locations":[{"start":{"line":6,"column":29},"end":{"line":6,"column":32}}]},"3":{"type":"branch","line":6,"loc":{"start":{"line":6,"column":29},"end":{"line":6,"column":34}},"locations":[{"start":{"line":6,"column":29},"end":{"line":6,"column":34}}]},"4":{"type":"branch","line":6,"loc":{"start":{"line":6,"column":42},"end":{"line":6,"column":47}},"locations":[{"start":{"line":6,"column":42},"end":{"line":6,"column":47}}]},"5":{"type":"branch","line":7,"loc":{"start":{"line":7,"column":38},"end":{"line":7,"column":71}},"locations":[{"start":{"line":7,"column":38},"end":{"line":7,"column":71}}]},"6":{"type":"branch","line":7,"loc":{"start":{"line":7,"column":70},"end":{"line":9,"column":1}},"locations":[{"start":{"line":7,"column":70},"end":{"line":9,"column":1}}]},"7":{"type":"branch","line":11,"loc":{"start":{"line":11,"column":20},"end":{"line":29,"column":1}},"locations":[{"start":{"line":11,"column":20},"end":{"line":29,"column":1}}]},"8":{"type":"branch","line":11,"loc":{"start":{"line":11,"column":26},"end":{"line":11,"column":29}},"locations":[{"start":{"line":11,"column":26},"end":{"line":11,"column":29}}]},"9":{"type":"branch","line":11,"loc":{"start":{"line":11,"column":26},"end":{"line":11,"column":31}},"locations":[{"start":{"line":11,"column":26},"end":{"line":11,"column":31}}]},"10":{"type":"branch","line":11,"loc":{"start":{"line":11,"column":39},"end":{"line":11,"column":44}},"locations":[{"start":{"line":11,"column":39},"end":{"line":11,"column":44}}]},"11":{"type":"branch","line":14,"loc":{"start":{"line":14,"column":4},"end":{"line":15,"column":43}},"locations":[{"start":{"line":14,"column":4},"end":{"line":15,"column":43}}]},"12":{"type":"branch","line":17,"loc":{"start":{"line":17,"column":4},"end":{"line":18,"column":58}},"locations":[{"start":{"line":17,"column":4},"end":{"line":18,"column":58}}]},"13":{"type":"branch","line":20,"loc":{"start":{"line":20,"column":4},"end":{"line":21,"column":50}},"locations":[{"start":{"line":20,"column":4},"end":{"line":21,"column":50}}]},"14":{"type":"branch","line":23,"loc":{"start":{"line":23,"column":4},"end":{"line":24,"column":53}},"locations":[{"start":{"line":23,"column":4},"end":{"line":24,"column":53}}]},"15":{"type":"branch","line":26,"loc":{"start":{"line":26,"column":4},"end":{"line":27,"column":20}},"locations":[{"start":{"line":26,"column":4},"end":{"line":27,"column":20}}]}},"b":{"0":[2],"1":[4],"2":[2],"3":[2],"4":[0],"5":[1],"6":[3],"7":[4],"8":[2],"9":[2],"10":[0],"11":[1],"12":[1],"13":[0],"14":[0],"15":[2]},"fnMap":{"0":{"name":"merge","decl":{"start":{"line":4,"column":14},"end":{"line":4,"column":59}},"loc":{"start":{"line":4,"column":14},"end":{"line":4,"column":59}},"line":4},"1":{"name":"contactReducer","decl":{"start":{"line":6,"column":23},"end":{"line":9,"column":1}},"loc":{"start":{"line":6,"column":23},"end":{"line":9,"column":1}},"line":6},"2":{"name":"userReducer","decl":{"start":{"line":11,"column":20},"end":{"line":29,"column":1}},"loc":{"start":{"line":11,"column":20},"end":{"line":29,"column":1}},"line":11}},"f":{"0":2,"1":4,"2":4}}
}
