TN:
SF:actions.js
FN:12,updateUser
FN:17,addContact
FN:24,loginUser
FNF:3
FNH:3
FNDA:4,updateUser
FNDA:1,addContact
FNDA:3,loginUser
DA:1,1
DA:2,1
DA:3,1
DA:4,1
DA:5,1
DA:6,1
DA:7,1
DA:8,1
DA:9,1
DA:10,1
DA:11,1
DA:12,1
DA:13,4
DA:14,4
DA:15,4
DA:16,1
DA:17,1
DA:18,1
DA:19,1
DA:20,1
DA:21,1
DA:22,1
DA:23,1
DA:24,1
DA:25,3
DA:26,3
DA:27,3
DA:28,1
DA:29,1
DA:30,3
DA:31,2
DA:32,2
DA:33,2
DA:34,3
DA:35,3
DA:36,3
LF:36
LH:36
BRDA:12,0,0,4
BRDA:17,1,0,1
BRDA:24,2,0,3
BRDA:24,3,0,2
BRDA:24,4,0,2
BRDA:24,5,0,1
BRDA:24,6,0,3
BRDA:24,7,0,3
BRDA:28,8,0,1
BRDA:30,9,0,2
BRF:10
BRH:10
end_of_record
TN:
SF:api.js
FN:1,processContact
FNF:1
FNH:0
FNDA:0,processContact
DA:1,1
DA:2,0
DA:3,0
DA:4,0
DA:5,1
DA:6,1
DA:7,0
DA:8,0
DA:9,0
DA:10,0
DA:11,0
DA:12,0
DA:13,0
DA:14,0
DA:15,1
DA:16,1
DA:17,1
DA:18,1
DA:19,1
DA:20,1
DA:21,1
DA:22,1
DA:23,1
DA:24,1
DA:25,1
DA:26,1
DA:27,1
DA:28,1
DA:29,0
DA:30,0
DA:31,0
DA:32,1
DA:33,1
DA:34,1
DA:35,1
DA:36,1
DA:37,1
LF:37
LH:23
BRDA:6,0,0,2
BRDA:16,1,0,2
BRDA:16,2,0,1
BRDA:28,3,0,0
BRF:4
BRH:3
end_of_record
TN:
SF:reducer.js
FN:4,merge
FN:6,contactReducer
FN:11,userReducer
FNF:3
FNH:3
FNDA:2,merge
FNDA:4,contactReducer
FNDA:4,userReducer
DA:1,1
DA:2,1
DA:3,1
DA:4,1
DA:5,1
DA:6,1
DA:7,4
DA:8,3
DA:9,3
DA:10,1
DA:11,1
DA:12,4
DA:13,4
DA:14,4
DA:15,1
DA:16,4
DA:17,4
DA:18,1
DA:19,4
DA:20,4
DA:21,0
DA:22,4
DA:23,4
DA:24,0
DA:25,4
DA:26,4
DA:27,2
DA:28,4
DA:29,4
DA:30,1
DA:31,1
DA:32,1
DA:33,1
DA:34,1
DA:35,1
DA:36,1
DA:37,1
DA:38,1
DA:39,1
DA:40,1
DA:41,1
LF:41
LH:39
BRDA:4,0,0,2
BRDA:6,1,0,4
BRDA:6,2,0,2
BRDA:6,3,0,2
BRDA:6,4,0,0
BRDA:7,5,0,1
BRDA:7,6,0,3
BRDA:11,7,0,4
BRDA:11,8,0,2
BRDA:11,9,0,2
BRDA:11,10,0,0
BRDA:14,11,0,1
BRDA:17,12,0,1
BRDA:20,13,0,0
BRDA:23,14,0,0
BRDA:26,15,0,2
BRF:16
BRH:12
end_of_record
